-------------------------------------------------------------------------------
Test set: com.example.Post3consumer.Post3ConsumerApplicationTests
-------------------------------------------------------------------------------
Tests run: 1, Failures: 0, Errors: 1, Skipped: 0, Time elapsed: 1.543 s <<< FAILURE! - in com.example.Post3consumer.Post3ConsumerApplicationTests
contextLoads  Time elapsed: 0.001 s  <<< ERROR!
java.lang.IllegalStateException: Failed to load ApplicationContext
Caused by: org.springframework.beans.factory.BeanDefinitionStoreException: Failed to parse configuration class [com.example.Post3consumer.Post3ConsumerApplication]; nested exception is java.lang.IllegalStateException: Failed to introspect annotated methods on class com.example.Post3consumer.Post3ConsumerApplication
Caused by: java.lang.IllegalStateException: Failed to introspect annotated methods on class com.example.Post3consumer.Post3ConsumerApplication
Caused by: java.lang.IllegalStateException: Failed to introspect Class [com.example.Post3consumer.Post3ConsumerApplication] from ClassLoader [jdk.internal.loader.ClassLoaders$AppClassLoader@4e0e2f2a]
Caused by: java.lang.NoClassDefFoundError: com/example/Post3consumer/controller/PostContollerClient
Caused by: java.lang.ClassNotFoundException: com.example.Post3consumer.controller.PostContollerClient

